  % Total    % Received % Xferd  Average Speed   Time    Time     Time  Current
                                 Dload  Upload   Total   Spent    Left  Speed
  0     0    0     0    0     0      0      0 --:--:-- --:--:-- --:--:--     0*   Trying 3.133.113.186:80...
* Connected to ec2-3-133-113-186.us-east-2.compute.amazonaws.com (3.133.113.186) port 80 (#0)
> GET /accounts/login/ HTTP/1.1
> Host: ec2-3-133-113-186.us-east-2.compute.amazonaws.com
> User-Agent: curl/7.84.0
> Accept: */*
> 
* Mark bundle as not supporting multiuse
< HTTP/1.1 200 OK
< Server: nginx/1.18.0 (Ubuntu)
< Date: Mon, 30 Jan 2023 03:56:32 GMT
< Content-Type: text/html; charset=utf-8
< Content-Length: 601
< Connection: keep-alive
< 
{ [601 bytes data]
100   601  100   601    0     0   5212      0 --:--:-- --:--:-- --:--:--  5513
* Connection #0 to host ec2-3-133-113-186.us-east-2.compute.amazonaws.com left intact
